Determining if the pthread_create exist failed with the following output:
Change Dir: /home/mithi/catkin_ws/build/CMakeFiles/CMakeTmp

Run Build Command:"/usr/bin/make" "cmTC_ff46e/fast"
/usr/bin/make -f CMakeFiles/cmTC_ff46e.dir/build.make CMakeFiles/cmTC_ff46e.dir/build
make[1]: Entering directory '/home/mithi/catkin_ws/build/CMakeFiles/CMakeTmp'
Building C object CMakeFiles/cmTC_ff46e.dir/CheckSymbolExists.c.o
/usr/bin/cc     -o CMakeFiles/cmTC_ff46e.dir/CheckSymbolExists.c.o   -c /home/mithi/catkin_ws/build/CMakeFiles/CMakeTmp/CheckSymbolExists.c
Linking C executable cmTC_ff46e
/usr/bin/cmake -E cmake_link_script CMakeFiles/cmTC_ff46e.dir/link.txt --verbose=1
/usr/bin/cc       CMakeFiles/cmTC_ff46e.dir/CheckSymbolExists.c.o  -o cmTC_ff46e -rdynamic 
CMakeFiles/cmTC_ff46e.dir/CheckSymbolExists.c.o: In function `main':
CheckSymbolExists.c:(.text+0x16): undefined reference to `pthread_create'
collect2: error: ld returned 1 exit status
CMakeFiles/cmTC_ff46e.dir/build.make:97: recipe for target 'cmTC_ff46e' failed
make[1]: *** [cmTC_ff46e] Error 1
make[1]: Leaving directory '/home/mithi/catkin_ws/build/CMakeFiles/CMakeTmp'
Makefile:126: recipe for target 'cmTC_ff46e/fast' failed
make: *** [cmTC_ff46e/fast] Error 2

File /home/mithi/catkin_ws/build/CMakeFiles/CMakeTmp/CheckSymbolExists.c:
/* */
#include <pthread.h>

int main(int argc, char** argv)
{
  (void)argv;
#ifndef pthread_create
  return ((int*)(&pthread_create))[argc];
#else
  (void)argc;
  return 0;
#endif
}

Determining if the function pthread_create exists in the pthreads failed with the following output:
Change Dir: /home/mithi/catkin_ws/build/CMakeFiles/CMakeTmp

Run Build Command:"/usr/bin/make" "cmTC_247ee/fast"
/usr/bin/make -f CMakeFiles/cmTC_247ee.dir/build.make CMakeFiles/cmTC_247ee.dir/build
make[1]: Entering directory '/home/mithi/catkin_ws/build/CMakeFiles/CMakeTmp'
Building C object CMakeFiles/cmTC_247ee.dir/CheckFunctionExists.c.o
/usr/bin/cc    -DCHECK_FUNCTION_EXISTS=pthread_create   -o CMakeFiles/cmTC_247ee.dir/CheckFunctionExists.c.o   -c /usr/share/cmake-3.5/Modules/CheckFunctionExists.c
Linking C executable cmTC_247ee
/usr/bin/cmake -E cmake_link_script CMakeFiles/cmTC_247ee.dir/link.txt --verbose=1
/usr/bin/cc   -DCHECK_FUNCTION_EXISTS=pthread_create    CMakeFiles/cmTC_247ee.dir/CheckFunctionExists.c.o  -o cmTC_247ee -rdynamic -lpthreads 
/usr/bin/ld: cannot find -lpthreads
collect2: error: ld returned 1 exit status
CMakeFiles/cmTC_247ee.dir/build.make:97: recipe for target 'cmTC_247ee' failed
make[1]: *** [cmTC_247ee] Error 1
make[1]: Leaving directory '/home/mithi/catkin_ws/build/CMakeFiles/CMakeTmp'
Makefile:126: recipe for target 'cmTC_247ee/fast' failed
make: *** [cmTC_247ee/fast] Error 2


